<?xml version="1.0" encoding="UTF-8"?>
<robot generator="Robot 3.2.1 (Python 3.8.3 on win32)" generated="20200713 19:44:38.330" rpa="false">
<suite id="s1" name="IntroductionRobotFramework" source="C:\Users\badre\eclipse-workspace\IntroductionRobotFramework">
<suite id="s1-s1" name="robotTestSuite" source="C:\Users\badre\eclipse-workspace\IntroductionRobotFramework\robotTestSuite">
<suite id="s1-s1-s1" name="Robot" source="C:\Users\badre\eclipse-workspace\IntroductionRobotFramework\robotTestSuite\robot.robot">
<test id="s1-s1-s1-t1" name="logingTest">
<kw name="Open Browser" library="SeleniumLibrary">
<doc>Opens a new browser instance to the optional ``url``.</doc>
<arguments>
<arg>${url}</arg>
<arg>${browser}</arg>
</arguments>
<msg timestamp="20200713 19:44:39.197" level="INFO">Opening browser 'gc' to base url 'https://opensource-demo.orangehrmlive.com/index.php/auth/login'.</msg>
<status status="PASS" starttime="20200713 19:44:39.196" endtime="20200713 19:44:45.212"></status>
</kw>
<kw name="Maximize Browser Window" library="SeleniumLibrary">
<doc>Maximizes current browser window.</doc>
<status status="PASS" starttime="20200713 19:44:45.213" endtime="20200713 19:44:47.545"></status>
</kw>
<kw name="Input Text" library="SeleniumLibrary">
<doc>Types the given ``text`` into the text field identified by ``locator``.</doc>
<arguments>
<arg>id=txtUsername</arg>
<arg>&amp;{dataLogin}[username]</arg>
</arguments>
<msg timestamp="20200713 19:44:47.549" level="WARN">Accessing variable items using '&amp;{dataLogin}[username]' syntax is deprecated. Use '${dataLogin}[username]' instead.</msg>
<msg timestamp="20200713 19:44:47.550" level="INFO">Typing text 'Admin' into text field 'id=txtUsername'.</msg>
<status status="PASS" starttime="20200713 19:44:47.547" endtime="20200713 19:44:48.009"></status>
</kw>
<kw name="Input Password" library="SeleniumLibrary">
<doc>Types the given password into the text field identified by ``locator``.</doc>
<arguments>
<arg>id=txtPassword</arg>
<arg>&amp;{dataLogin}[password]</arg>
</arguments>
<msg timestamp="20200713 19:44:48.011" level="WARN">Accessing variable items using '&amp;{dataLogin}[password]' syntax is deprecated. Use '${dataLogin}[password]' instead.</msg>
<msg timestamp="20200713 19:44:48.011" level="INFO">Typing password into text field 'id=txtPassword'.</msg>
<msg timestamp="20200713 19:44:48.149" level="INFO">Temporally setting log level to: NONE</msg>
<msg timestamp="20200713 19:44:48.312" level="INFO">Log level changed from NONE to INFO.</msg>
<status status="PASS" starttime="20200713 19:44:48.010" endtime="20200713 19:44:48.313"></status>
</kw>
<kw name="Click Button" library="SeleniumLibrary">
<doc>Clicks the button identified by ``locator``.</doc>
<arguments>
<arg>id=btnLogin</arg>
</arguments>
<msg timestamp="20200713 19:44:48.314" level="INFO">Clicking button 'id=btnLogin'.</msg>
<status status="PASS" starttime="20200713 19:44:48.313" endtime="20200713 19:44:50.427"></status>
</kw>
<kw name="Click Element" library="SeleniumLibrary">
<doc>Click the element identified by ``locator``.</doc>
<arguments>
<arg>id=welcome</arg>
</arguments>
<msg timestamp="20200713 19:44:50.429" level="INFO">Clicking element 'id=welcome'.</msg>
<status status="PASS" starttime="20200713 19:44:50.428" endtime="20200713 19:44:51.176"></status>
</kw>
<kw name="Wait Until Element Is Visible" library="SeleniumLibrary">
<doc>Waits until the element ``locator`` is visible.</doc>
<arguments>
<arg>link=Logout</arg>
</arguments>
<status status="PASS" starttime="20200713 19:44:51.176" endtime="20200713 19:44:51.682"></status>
</kw>
<kw name="Click Element" library="SeleniumLibrary">
<doc>Click the element identified by ``locator``.</doc>
<arguments>
<arg>link=Logout</arg>
</arguments>
<msg timestamp="20200713 19:44:51.684" level="INFO">Clicking element 'link=Logout'.</msg>
<status status="PASS" starttime="20200713 19:44:51.683" endtime="20200713 19:44:52.391"></status>
</kw>
<kw name="Log" library="BuiltIn">
<doc>Logs the given message with the given level.</doc>
<arguments>
<arg>ceci_est_un_test_execute par %{username} dans %{os}</arg>
</arguments>
<msg timestamp="20200713 19:44:52.394" level="INFO">ceci_est_un_test_execute par badre dans Windows_NT</msg>
<status status="PASS" starttime="20200713 19:44:52.392" endtime="20200713 19:44:52.395"></status>
</kw>
<kw name="Log" library="BuiltIn">
<doc>Logs the given message with the given level.</doc>
<arguments>
<arg>Fin de test</arg>
</arguments>
<msg timestamp="20200713 19:44:52.396" level="INFO">Fin de test</msg>
<status status="PASS" starttime="20200713 19:44:52.395" endtime="20200713 19:44:52.396"></status>
</kw>
<doc>ceci est un test</doc>
<status status="PASS" starttime="20200713 19:44:39.193" endtime="20200713 19:44:52.397" critical="yes"></status>
</test>
<status status="PASS" starttime="20200713 19:44:38.452" endtime="20200713 19:44:52.399"></status>
</suite>
<status status="PASS" starttime="20200713 19:44:38.445" endtime="20200713 19:44:52.406"></status>
</suite>
<status status="PASS" starttime="20200713 19:44:38.401" endtime="20200713 19:44:52.412"></status>
</suite>
<statistics>
<total>
<stat pass="1" fail="0">Critical Tests</stat>
<stat pass="1" fail="0">All Tests</stat>
</total>
<tag>
</tag>
<suite>
<stat pass="1" fail="0" id="s1" name="IntroductionRobotFramework">IntroductionRobotFramework</stat>
<stat pass="1" fail="0" id="s1-s1" name="robotTestSuite">IntroductionRobotFramework.robotTestSuite</stat>
<stat pass="1" fail="0" id="s1-s1-s1" name="Robot">IntroductionRobotFramework.robotTestSuite.Robot</stat>
</suite>
</statistics>
<errors>
<msg timestamp="20200713 19:44:47.549" level="WARN">Accessing variable items using '&amp;{dataLogin}[username]' syntax is deprecated. Use '${dataLogin}[username]' instead.</msg>
<msg timestamp="20200713 19:44:48.011" level="WARN">Accessing variable items using '&amp;{dataLogin}[password]' syntax is deprecated. Use '${dataLogin}[password]' instead.</msg>
</errors>
</robot>
